<?xml version="1.0" encoding="UTF-8"?>
<testrun name="com.christan.pagetests" project="HttpUnit" tests="2" started="1" failures="0" errors="2" ignored="0">
  <testsuite name="com.christan.pagetests.AboutUsTest" incomplete="true">
    <error>java.lang.Error: Unresolved compilation problems: 
	This static method cannot hide the instance method from GenericPageTest
	Cannot make a static reference to the non-static field url

	at com.christan.pagetests.AboutUsTest.setUp(AboutUsTest.java:8)
	at sun.reflect.NativeMethodAccessorImpl.invoke0(Native Method)
	at sun.reflect.NativeMethodAccessorImpl.invoke(Unknown Source)
	at sun.reflect.DelegatingMethodAccessorImpl.invoke(Unknown Source)
	at java.lang.reflect.Method.invoke(Unknown Source)
	at org.junit.runners.model.FrameworkMethod$1.runReflectiveCall(FrameworkMethod.java:44)
	at org.junit.internal.runners.model.ReflectiveCallable.run(ReflectiveCallable.java:15)
	at org.junit.runners.model.FrameworkMethod.invokeExplosively(FrameworkMethod.java:41)
	at org.junit.internal.runners.statements.RunBefores.evaluate(RunBefores.java:27)
	at org.junit.runners.ParentRunner.run(ParentRunner.java:303)
	at org.eclipse.jdt.internal.junit4.runner.JUnit4TestReference.run(JUnit4TestReference.java:46)
	at org.eclipse.jdt.internal.junit.runner.TestExecution.run(TestExecution.java:38)
	at org.eclipse.jdt.internal.junit.runner.RemoteTestRunner.runTests(RemoteTestRunner.java:467)
	at org.eclipse.jdt.internal.junit.runner.RemoteTestRunner.runTests(RemoteTestRunner.java:683)
	at org.eclipse.jdt.internal.junit.runner.RemoteTestRunner.run(RemoteTestRunner.java:390)
	at org.eclipse.jdt.internal.junit.runner.RemoteTestRunner.main(RemoteTestRunner.java:197)

</error>
    <testcase name="testTitle" classname="com.christan.pagetests.AboutUsTest" incomplete="true"/>
  </testsuite>
  <testsuite name="com.christan.pagetests.HomepageTest" time="0.001">
    <testcase name="initializationError" classname="com.christan.pagetests.HomepageTest" time="0.001">
      <error>java.lang.Exception: Method setUp() should be static
	at org.junit.runners.model.FrameworkMethod.validatePublicVoid(FrameworkMethod.java:83)
	at org.junit.runners.model.FrameworkMethod.validatePublicVoidNoArg(FrameworkMethod.java:66)
	at org.junit.runners.ParentRunner.validatePublicVoidNoArgMethods(ParentRunner.java:128)
	at org.junit.runners.ParentRunner.collectInitializationErrors(ParentRunner.java:109)
	at org.junit.runners.BlockJUnit4ClassRunner.collectInitializationErrors(BlockJUnit4ClassRunner.java:100)
	at org.junit.runners.ParentRunner.validate(ParentRunner.java:336)
	at org.junit.runners.ParentRunner.&lt;init&gt;(ParentRunner.java:72)
	at org.junit.runners.BlockJUnit4ClassRunner.&lt;init&gt;(BlockJUnit4ClassRunner.java:57)
	at org.junit.internal.builders.JUnit4Builder.runnerForClass(JUnit4Builder.java:13)
	at org.junit.runners.model.RunnerBuilder.safeRunnerForClass(RunnerBuilder.java:57)
	at org.junit.internal.builders.AllDefaultPossibilitiesBuilder.runnerForClass(AllDefaultPossibilitiesBuilder.java:29)
	at org.junit.runners.model.RunnerBuilder.safeRunnerForClass(RunnerBuilder.java:57)
	at org.junit.internal.requests.ClassRequest.getRunner(ClassRequest.java:24)
	at org.eclipse.jdt.internal.junit4.runner.JUnit4TestReference.&lt;init&gt;(JUnit4TestReference.java:29)
	at org.eclipse.jdt.internal.junit4.runner.JUnit4TestClassReference.&lt;init&gt;(JUnit4TestClassReference.java:25)
	at org.eclipse.jdt.internal.junit4.runner.JUnit4TestLoader.createTest(JUnit4TestLoader.java:40)
	at org.eclipse.jdt.internal.junit4.runner.JUnit4TestLoader.loadTests(JUnit4TestLoader.java:30)
	at org.eclipse.jdt.internal.junit.runner.RemoteTestRunner.runTests(RemoteTestRunner.java:452)
	at org.eclipse.jdt.internal.junit.runner.RemoteTestRunner.runTests(RemoteTestRunner.java:683)
	at org.eclipse.jdt.internal.junit.runner.RemoteTestRunner.run(RemoteTestRunner.java:390)
	at org.eclipse.jdt.internal.junit.runner.RemoteTestRunner.main(RemoteTestRunner.java:197)

</error>
    </testcase>
  </testsuite>
</testrun>
