<?xml version="1.0" encoding="UTF-8"?>
<testrun name="com.christan.pagetests" project="HttpUnit" tests="2" started="2" failures="0" errors="2" ignored="0">
  <testsuite name="com.christan.pagetests.AboutUsTest" time="0.001">
    <testcase name="initializationError" classname="com.christan.pagetests.AboutUsTest" time="0.001">
      <error>java.lang.Exception: Method setUp() should be static
	at org.junit.runners.model.FrameworkMethod.validatePublicVoid(FrameworkMethod.java:83)
	at org.junit.runners.model.FrameworkMethod.validatePublicVoidNoArg(FrameworkMethod.java:66)
	at org.junit.runners.ParentRunner.validatePublicVoidNoArgMethods(ParentRunner.java:128)
	at org.junit.runners.ParentRunner.collectInitializationErrors(ParentRunner.java:109)
	at org.junit.runners.BlockJUnit4ClassRunner.collectInitializationErrors(BlockJUnit4ClassRunner.java:100)
	at org.junit.runners.ParentRunner.validate(ParentRunner.java:336)
	at org.junit.runners.ParentRunner.&lt;init&gt;(ParentRunner.java:72)
	at org.junit.runners.BlockJUnit4ClassRunner.&lt;init&gt;(BlockJUnit4ClassRunner.java:57)
	at org.junit.internal.builders.JUnit4Builder.runnerForClass(JUnit4Builder.java:13)
	at org.junit.runners.model.RunnerBuilder.safeRunnerForClass(RunnerBuilder.java:57)
	at org.junit.internal.builders.AllDefaultPossibilitiesBuilder.runnerForClass(AllDefaultPossibilitiesBuilder.java:29)
	at org.junit.runners.model.RunnerBuilder.safeRunnerForClass(RunnerBuilder.java:57)
	at org.junit.internal.requests.ClassRequest.getRunner(ClassRequest.java:24)
	at org.eclipse.jdt.internal.junit4.runner.JUnit4TestReference.&lt;init&gt;(JUnit4TestReference.java:29)
	at org.eclipse.jdt.internal.junit4.runner.JUnit4TestClassReference.&lt;init&gt;(JUnit4TestClassReference.java:25)
	at org.eclipse.jdt.internal.junit4.runner.JUnit4TestLoader.createTest(JUnit4TestLoader.java:40)
	at org.eclipse.jdt.internal.junit4.runner.JUnit4TestLoader.loadTests(JUnit4TestLoader.java:30)
	at org.eclipse.jdt.internal.junit.runner.RemoteTestRunner.runTests(RemoteTestRunner.java:452)
	at org.eclipse.jdt.internal.junit.runner.RemoteTestRunner.runTests(RemoteTestRunner.java:683)
	at org.eclipse.jdt.internal.junit.runner.RemoteTestRunner.run(RemoteTestRunner.java:390)
	at org.eclipse.jdt.internal.junit.runner.RemoteTestRunner.main(RemoteTestRunner.java:197)

</error>
    </testcase>
  </testsuite>
  <testsuite name="com.christan.pagetests.HomepageTest" time="0.0">
    <testcase name="initializationError" classname="com.christan.pagetests.HomepageTest" time="0.0">
      <error>java.lang.Exception: Method setUp() should be static
	at org.junit.runners.model.FrameworkMethod.validatePublicVoid(FrameworkMethod.java:83)
	at org.junit.runners.model.FrameworkMethod.validatePublicVoidNoArg(FrameworkMethod.java:66)
	at org.junit.runners.ParentRunner.validatePublicVoidNoArgMethods(ParentRunner.java:128)
	at org.junit.runners.ParentRunner.collectInitializationErrors(ParentRunner.java:109)
	at org.junit.runners.BlockJUnit4ClassRunner.collectInitializationErrors(BlockJUnit4ClassRunner.java:100)
	at org.junit.runners.ParentRunner.validate(ParentRunner.java:336)
	at org.junit.runners.ParentRunner.&lt;init&gt;(ParentRunner.java:72)
	at org.junit.runners.BlockJUnit4ClassRunner.&lt;init&gt;(BlockJUnit4ClassRunner.java:57)
	at org.junit.internal.builders.JUnit4Builder.runnerForClass(JUnit4Builder.java:13)
	at org.junit.runners.model.RunnerBuilder.safeRunnerForClass(RunnerBuilder.java:57)
	at org.junit.internal.builders.AllDefaultPossibilitiesBuilder.runnerForClass(AllDefaultPossibilitiesBuilder.java:29)
	at org.junit.runners.model.RunnerBuilder.safeRunnerForClass(RunnerBuilder.java:57)
	at org.junit.internal.requests.ClassRequest.getRunner(ClassRequest.java:24)
	at org.eclipse.jdt.internal.junit4.runner.JUnit4TestReference.&lt;init&gt;(JUnit4TestReference.java:29)
	at org.eclipse.jdt.internal.junit4.runner.JUnit4TestClassReference.&lt;init&gt;(JUnit4TestClassReference.java:25)
	at org.eclipse.jdt.internal.junit4.runner.JUnit4TestLoader.createTest(JUnit4TestLoader.java:40)
	at org.eclipse.jdt.internal.junit4.runner.JUnit4TestLoader.loadTests(JUnit4TestLoader.java:30)
	at org.eclipse.jdt.internal.junit.runner.RemoteTestRunner.runTests(RemoteTestRunner.java:452)
	at org.eclipse.jdt.internal.junit.runner.RemoteTestRunner.runTests(RemoteTestRunner.java:683)
	at org.eclipse.jdt.internal.junit.runner.RemoteTestRunner.run(RemoteTestRunner.java:390)
	at org.eclipse.jdt.internal.junit.runner.RemoteTestRunner.main(RemoteTestRunner.java:197)

</error>
    </testcase>
  </testsuite>
</testrun>
