<?xml version="1.0" encoding="UTF-8"?>
<testrun name="com.christan.pagetests" project="HttpUnit" tests="4" started="4" failures="0" errors="2" ignored="0">
  <testsuite name="com.christan.pagetests.AboutUsTest" time="7.988">
    <testcase name="testTitle" classname="com.christan.pagetests.AboutUsTest" time="5.4"/>
    <testcase name="testNavigation" classname="com.christan.pagetests.AboutUsTest" time="2.588">
      <error>java.lang.ArrayIndexOutOfBoundsException: 0
	at com.christan.pagetests.GenericPageTest.getElementsWithAttribute(GenericPageTest.java:64)
	at com.christan.pagetests.GenericPageTest.testNavigation(GenericPageTest.java:108)
	at sun.reflect.NativeMethodAccessorImpl.invoke0(Native Method)
	at sun.reflect.NativeMethodAccessorImpl.invoke(Unknown Source)
	at sun.reflect.DelegatingMethodAccessorImpl.invoke(Unknown Source)
	at java.lang.reflect.Method.invoke(Unknown Source)
	at org.junit.runners.model.FrameworkMethod$1.runReflectiveCall(FrameworkMethod.java:44)
	at org.junit.internal.runners.model.ReflectiveCallable.run(ReflectiveCallable.java:15)
	at org.junit.runners.model.FrameworkMethod.invokeExplosively(FrameworkMethod.java:41)
	at org.junit.internal.runners.statements.InvokeMethod.evaluate(InvokeMethod.java:20)
	at org.junit.internal.runners.statements.RunBefores.evaluate(RunBefores.java:28)
	at org.junit.runners.ParentRunner.runLeaf(ParentRunner.java:274)
	at org.junit.runners.BlockJUnit4ClassRunner.runChild(BlockJUnit4ClassRunner.java:70)
	at org.junit.runners.BlockJUnit4ClassRunner.runChild(BlockJUnit4ClassRunner.java:48)
	at org.junit.runners.ParentRunner$3.run(ParentRunner.java:242)
	at org.junit.runners.ParentRunner$1.schedule(ParentRunner.java:58)
	at org.junit.runners.ParentRunner.runChildren(ParentRunner.java:240)
	at org.junit.runners.ParentRunner.access$000(ParentRunner.java:48)
	at org.junit.runners.ParentRunner$2.evaluate(ParentRunner.java:233)
	at org.junit.runners.ParentRunner.run(ParentRunner.java:303)
	at org.eclipse.jdt.internal.junit4.runner.JUnit4TestReference.run(JUnit4TestReference.java:46)
	at org.eclipse.jdt.internal.junit.runner.TestExecution.run(TestExecution.java:38)
	at org.eclipse.jdt.internal.junit.runner.RemoteTestRunner.runTests(RemoteTestRunner.java:467)
	at org.eclipse.jdt.internal.junit.runner.RemoteTestRunner.runTests(RemoteTestRunner.java:683)
	at org.eclipse.jdt.internal.junit.runner.RemoteTestRunner.run(RemoteTestRunner.java:390)
	at org.eclipse.jdt.internal.junit.runner.RemoteTestRunner.main(RemoteTestRunner.java:197)

</error>
    </testcase>
  </testsuite>
  <testsuite name="com.christan.pagetests.HomepageTest" time="4.86">
    <testcase name="testTitle" classname="com.christan.pagetests.HomepageTest" time="2.473"/>
    <testcase name="testNavigation" classname="com.christan.pagetests.HomepageTest" time="2.387">
      <error>java.lang.ArrayIndexOutOfBoundsException: 0
	at com.christan.pagetests.GenericPageTest.getElementsWithAttribute(GenericPageTest.java:64)
	at com.christan.pagetests.GenericPageTest.testNavigation(GenericPageTest.java:108)
	at sun.reflect.NativeMethodAccessorImpl.invoke0(Native Method)
	at sun.reflect.NativeMethodAccessorImpl.invoke(Unknown Source)
	at sun.reflect.DelegatingMethodAccessorImpl.invoke(Unknown Source)
	at java.lang.reflect.Method.invoke(Unknown Source)
	at org.junit.runners.model.FrameworkMethod$1.runReflectiveCall(FrameworkMethod.java:44)
	at org.junit.internal.runners.model.ReflectiveCallable.run(ReflectiveCallable.java:15)
	at org.junit.runners.model.FrameworkMethod.invokeExplosively(FrameworkMethod.java:41)
	at org.junit.internal.runners.statements.InvokeMethod.evaluate(InvokeMethod.java:20)
	at org.junit.internal.runners.statements.RunBefores.evaluate(RunBefores.java:28)
	at org.junit.runners.ParentRunner.runLeaf(ParentRunner.java:274)
	at org.junit.runners.BlockJUnit4ClassRunner.runChild(BlockJUnit4ClassRunner.java:70)
	at org.junit.runners.BlockJUnit4ClassRunner.runChild(BlockJUnit4ClassRunner.java:48)
	at org.junit.runners.ParentRunner$3.run(ParentRunner.java:242)
	at org.junit.runners.ParentRunner$1.schedule(ParentRunner.java:58)
	at org.junit.runners.ParentRunner.runChildren(ParentRunner.java:240)
	at org.junit.runners.ParentRunner.access$000(ParentRunner.java:48)
	at org.junit.runners.ParentRunner$2.evaluate(ParentRunner.java:233)
	at org.junit.runners.ParentRunner.run(ParentRunner.java:303)
	at org.eclipse.jdt.internal.junit4.runner.JUnit4TestReference.run(JUnit4TestReference.java:46)
	at org.eclipse.jdt.internal.junit.runner.TestExecution.run(TestExecution.java:38)
	at org.eclipse.jdt.internal.junit.runner.RemoteTestRunner.runTests(RemoteTestRunner.java:467)
	at org.eclipse.jdt.internal.junit.runner.RemoteTestRunner.runTests(RemoteTestRunner.java:683)
	at org.eclipse.jdt.internal.junit.runner.RemoteTestRunner.run(RemoteTestRunner.java:390)
	at org.eclipse.jdt.internal.junit.runner.RemoteTestRunner.main(RemoteTestRunner.java:197)

</error>
    </testcase>
  </testsuite>
</testrun>
