<?xml version="1.0" encoding="UTF-8"?>
<testrun name="com.christan.pagetests" project="HttpUnit" tests="64" started="64" failures="4" errors="0" ignored="8">
  <testsuite name="com.christan.pagetests.AboutUsTest" time="19.948">
    <testcase name="testTitle" classname="com.christan.pagetests.AboutUsTest" time="5.753"/>
    <testcase name="testNavigation" classname="com.christan.pagetests.AboutUsTest" time="2.341"/>
    <testcase name="testFooter" classname="com.christan.pagetests.AboutUsTest" time="2.498"/>
    <testcase name="testLinksOnPage" classname="com.christan.pagetests.AboutUsTest" time="2.354"/>
    <testcase name="testColumnOneContent" classname="com.christan.pagetests.AboutUsTest" time="2.277"/>
    <testcase name="testColumnThreeContent" classname="com.christan.pagetests.AboutUsTest" time="0.001" ignored="true"/>
    <testcase name="testMetaTagKeywordsContent" classname="com.christan.pagetests.AboutUsTest" time="2.449">
      <failure>java.lang.AssertionError: This page has no meta keywords data!
	at org.junit.Assert.fail(Assert.java:93)
	at com.christan.pagetests.GenericPageTest.testMetaTagKeywordsContent(GenericPageTest.java:210)
	at sun.reflect.NativeMethodAccessorImpl.invoke0(Native Method)
	at sun.reflect.NativeMethodAccessorImpl.invoke(Unknown Source)
	at sun.reflect.DelegatingMethodAccessorImpl.invoke(Unknown Source)
	at java.lang.reflect.Method.invoke(Unknown Source)
	at org.junit.runners.model.FrameworkMethod$1.runReflectiveCall(FrameworkMethod.java:44)
	at org.junit.internal.runners.model.ReflectiveCallable.run(ReflectiveCallable.java:15)
	at org.junit.runners.model.FrameworkMethod.invokeExplosively(FrameworkMethod.java:41)
	at org.junit.internal.runners.statements.InvokeMethod.evaluate(InvokeMethod.java:20)
	at org.junit.internal.runners.statements.RunBefores.evaluate(RunBefores.java:28)
	at org.junit.runners.ParentRunner.runLeaf(ParentRunner.java:274)
	at org.junit.runners.BlockJUnit4ClassRunner.runChild(BlockJUnit4ClassRunner.java:70)
	at org.junit.runners.BlockJUnit4ClassRunner.runChild(BlockJUnit4ClassRunner.java:48)
	at org.junit.runners.ParentRunner$3.run(ParentRunner.java:242)
	at org.junit.runners.ParentRunner$1.schedule(ParentRunner.java:58)
	at org.junit.runners.ParentRunner.runChildren(ParentRunner.java:240)
	at org.junit.runners.ParentRunner.access$000(ParentRunner.java:48)
	at org.junit.runners.ParentRunner$2.evaluate(ParentRunner.java:233)
	at org.junit.runners.ParentRunner.run(ParentRunner.java:303)
	at org.eclipse.jdt.internal.junit4.runner.JUnit4TestReference.run(JUnit4TestReference.java:46)
	at org.eclipse.jdt.internal.junit.runner.TestExecution.run(TestExecution.java:38)
	at org.eclipse.jdt.internal.junit.runner.RemoteTestRunner.runTests(RemoteTestRunner.java:467)
	at org.eclipse.jdt.internal.junit.runner.RemoteTestRunner.runTests(RemoteTestRunner.java:683)
	at org.eclipse.jdt.internal.junit.runner.RemoteTestRunner.run(RemoteTestRunner.java:390)
	at org.eclipse.jdt.internal.junit.runner.RemoteTestRunner.main(RemoteTestRunner.java:197)

</failure>
    </testcase>
    <testcase name="testImagesOnPage" classname="com.christan.pagetests.AboutUsTest" time="2.275"/>
  </testsuite>
  <testsuite name="com.christan.pagetests.OurSolutions" time="17.611">
    <testcase name="testTitle" classname="com.christan.pagetests.OurSolutions" time="2.563"/>
    <testcase name="testNavigation" classname="com.christan.pagetests.OurSolutions" time="2.711"/>
    <testcase name="testFooter" classname="com.christan.pagetests.OurSolutions" time="2.425"/>
    <testcase name="testLinksOnPage" classname="com.christan.pagetests.OurSolutions" time="2.395"/>
    <testcase name="testColumnOneContent" classname="com.christan.pagetests.OurSolutions" time="2.468"/>
    <testcase name="testColumnThreeContent" classname="com.christan.pagetests.OurSolutions" time="0.0" ignored="true"/>
    <testcase name="testMetaTagKeywordsContent" classname="com.christan.pagetests.OurSolutions" time="2.515"/>
    <testcase name="testImagesOnPage" classname="com.christan.pagetests.OurSolutions" time="2.534"/>
  </testsuite>
  <testsuite name="com.christan.pagetests.OurSolutionsPingEnableServices" time="16.371">
    <testcase name="testTitle" classname="com.christan.pagetests.OurSolutionsPingEnableServices" time="2.319"/>
    <testcase name="testNavigation" classname="com.christan.pagetests.OurSolutionsPingEnableServices" time="2.297"/>
    <testcase name="testFooter" classname="com.christan.pagetests.OurSolutionsPingEnableServices" time="2.336"/>
    <testcase name="testLinksOnPage" classname="com.christan.pagetests.OurSolutionsPingEnableServices" time="2.285"/>
    <testcase name="testColumnOneContent" classname="com.christan.pagetests.OurSolutionsPingEnableServices" time="2.235"/>
    <testcase name="testColumnThreeContent" classname="com.christan.pagetests.OurSolutionsPingEnableServices" time="0.0" ignored="true"/>
    <testcase name="testMetaTagKeywordsContent" classname="com.christan.pagetests.OurSolutionsPingEnableServices" time="2.403">
      <failure>java.lang.AssertionError: This page has no meta keywords data!
	at org.junit.Assert.fail(Assert.java:93)
	at com.christan.pagetests.GenericPageTest.testMetaTagKeywordsContent(GenericPageTest.java:210)
	at sun.reflect.NativeMethodAccessorImpl.invoke0(Native Method)
	at sun.reflect.NativeMethodAccessorImpl.invoke(Unknown Source)
	at sun.reflect.DelegatingMethodAccessorImpl.invoke(Unknown Source)
	at java.lang.reflect.Method.invoke(Unknown Source)
	at org.junit.runners.model.FrameworkMethod$1.runReflectiveCall(FrameworkMethod.java:44)
	at org.junit.internal.runners.model.ReflectiveCallable.run(ReflectiveCallable.java:15)
	at org.junit.runners.model.FrameworkMethod.invokeExplosively(FrameworkMethod.java:41)
	at org.junit.internal.runners.statements.InvokeMethod.evaluate(InvokeMethod.java:20)
	at org.junit.internal.runners.statements.RunBefores.evaluate(RunBefores.java:28)
	at org.junit.runners.ParentRunner.runLeaf(ParentRunner.java:274)
	at org.junit.runners.BlockJUnit4ClassRunner.runChild(BlockJUnit4ClassRunner.java:70)
	at org.junit.runners.BlockJUnit4ClassRunner.runChild(BlockJUnit4ClassRunner.java:48)
	at org.junit.runners.ParentRunner$3.run(ParentRunner.java:242)
	at org.junit.runners.ParentRunner$1.schedule(ParentRunner.java:58)
	at org.junit.runners.ParentRunner.runChildren(ParentRunner.java:240)
	at org.junit.runners.ParentRunner.access$000(ParentRunner.java:48)
	at org.junit.runners.ParentRunner$2.evaluate(ParentRunner.java:233)
	at org.junit.runners.ParentRunner.run(ParentRunner.java:303)
	at org.eclipse.jdt.internal.junit4.runner.JUnit4TestReference.run(JUnit4TestReference.java:46)
	at org.eclipse.jdt.internal.junit.runner.TestExecution.run(TestExecution.java:38)
	at org.eclipse.jdt.internal.junit.runner.RemoteTestRunner.runTests(RemoteTestRunner.java:467)
	at org.eclipse.jdt.internal.junit.runner.RemoteTestRunner.runTests(RemoteTestRunner.java:683)
	at org.eclipse.jdt.internal.junit.runner.RemoteTestRunner.run(RemoteTestRunner.java:390)
	at org.eclipse.jdt.internal.junit.runner.RemoteTestRunner.main(RemoteTestRunner.java:197)

</failure>
    </testcase>
    <testcase name="testImagesOnPage" classname="com.christan.pagetests.OurSolutionsPingEnableServices" time="2.496"/>
  </testsuite>
  <testsuite name="com.christan.pagetests.OurSolutionsPingFederate" time="17.0">
    <testcase name="testTitle" classname="com.christan.pagetests.OurSolutionsPingFederate" time="2.495"/>
    <testcase name="testNavigation" classname="com.christan.pagetests.OurSolutionsPingFederate" time="2.329"/>
    <testcase name="testFooter" classname="com.christan.pagetests.OurSolutionsPingFederate" time="2.302"/>
    <testcase name="testLinksOnPage" classname="com.christan.pagetests.OurSolutionsPingFederate" time="2.38"/>
    <testcase name="testColumnOneContent" classname="com.christan.pagetests.OurSolutionsPingFederate" time="2.823"/>
    <testcase name="testColumnThreeContent" classname="com.christan.pagetests.OurSolutionsPingFederate" time="0.0" ignored="true"/>
    <testcase name="testMetaTagKeywordsContent" classname="com.christan.pagetests.OurSolutionsPingFederate" time="2.295"/>
    <testcase name="testImagesOnPage" classname="com.christan.pagetests.OurSolutionsPingFederate" time="2.376"/>
  </testsuite>
  <testsuite name="com.christan.pagetests.HomepageTest" time="15.763">
    <testcase name="testTitle" classname="com.christan.pagetests.HomepageTest" time="2.4"/>
    <testcase name="testNavigation" classname="com.christan.pagetests.HomepageTest" time="2.244"/>
    <testcase name="testFooter" classname="com.christan.pagetests.HomepageTest" time="2.266"/>
    <testcase name="testLinksOnPage" classname="com.christan.pagetests.HomepageTest" time="2.119"/>
    <testcase name="testColumnOneContent" classname="com.christan.pagetests.HomepageTest" time="2.23"/>
    <testcase name="testColumnThreeContent" classname="com.christan.pagetests.HomepageTest" time="0.0" ignored="true"/>
    <testcase name="testMetaTagKeywordsContent" classname="com.christan.pagetests.HomepageTest" time="2.411"/>
    <testcase name="testImagesOnPage" classname="com.christan.pagetests.HomepageTest" time="2.093"/>
  </testsuite>
  <testsuite name="com.christan.pagetests.OurSolutionsPingConnect" time="17.101">
    <testcase name="testTitle" classname="com.christan.pagetests.OurSolutionsPingConnect" time="3.012"/>
    <testcase name="testNavigation" classname="com.christan.pagetests.OurSolutionsPingConnect" time="2.332"/>
    <testcase name="testFooter" classname="com.christan.pagetests.OurSolutionsPingConnect" time="2.517"/>
    <testcase name="testLinksOnPage" classname="com.christan.pagetests.OurSolutionsPingConnect" time="2.205"/>
    <testcase name="testColumnOneContent" classname="com.christan.pagetests.OurSolutionsPingConnect" time="2.352"/>
    <testcase name="testColumnThreeContent" classname="com.christan.pagetests.OurSolutionsPingConnect" time="0.001" ignored="true"/>
    <testcase name="testMetaTagKeywordsContent" classname="com.christan.pagetests.OurSolutionsPingConnect" time="2.252"/>
    <testcase name="testImagesOnPage" classname="com.christan.pagetests.OurSolutionsPingConnect" time="2.43"/>
  </testsuite>
  <testsuite name="com.christan.pagetests.OurSolutionsPingFederateExpress" time="15.724">
    <testcase name="testTitle" classname="com.christan.pagetests.OurSolutionsPingFederateExpress" time="2.262"/>
    <testcase name="testNavigation" classname="com.christan.pagetests.OurSolutionsPingFederateExpress" time="2.24"/>
    <testcase name="testFooter" classname="com.christan.pagetests.OurSolutionsPingFederateExpress" time="2.278"/>
    <testcase name="testLinksOnPage" classname="com.christan.pagetests.OurSolutionsPingFederateExpress" time="2.129"/>
    <testcase name="testColumnOneContent" classname="com.christan.pagetests.OurSolutionsPingFederateExpress" time="2.252"/>
    <testcase name="testColumnThreeContent" classname="com.christan.pagetests.OurSolutionsPingFederateExpress" time="0.0" ignored="true"/>
    <testcase name="testMetaTagKeywordsContent" classname="com.christan.pagetests.OurSolutionsPingFederateExpress" time="2.275">
      <failure>java.lang.AssertionError: This page has no meta keywords data!
	at org.junit.Assert.fail(Assert.java:93)
	at com.christan.pagetests.GenericPageTest.testMetaTagKeywordsContent(GenericPageTest.java:210)
	at sun.reflect.NativeMethodAccessorImpl.invoke0(Native Method)
	at sun.reflect.NativeMethodAccessorImpl.invoke(Unknown Source)
	at sun.reflect.DelegatingMethodAccessorImpl.invoke(Unknown Source)
	at java.lang.reflect.Method.invoke(Unknown Source)
	at org.junit.runners.model.FrameworkMethod$1.runReflectiveCall(FrameworkMethod.java:44)
	at org.junit.internal.runners.model.ReflectiveCallable.run(ReflectiveCallable.java:15)
	at org.junit.runners.model.FrameworkMethod.invokeExplosively(FrameworkMethod.java:41)
	at org.junit.internal.runners.statements.InvokeMethod.evaluate(InvokeMethod.java:20)
	at org.junit.internal.runners.statements.RunBefores.evaluate(RunBefores.java:28)
	at org.junit.runners.ParentRunner.runLeaf(ParentRunner.java:274)
	at org.junit.runners.BlockJUnit4ClassRunner.runChild(BlockJUnit4ClassRunner.java:70)
	at org.junit.runners.BlockJUnit4ClassRunner.runChild(BlockJUnit4ClassRunner.java:48)
	at org.junit.runners.ParentRunner$3.run(ParentRunner.java:242)
	at org.junit.runners.ParentRunner$1.schedule(ParentRunner.java:58)
	at org.junit.runners.ParentRunner.runChildren(ParentRunner.java:240)
	at org.junit.runners.ParentRunner.access$000(ParentRunner.java:48)
	at org.junit.runners.ParentRunner$2.evaluate(ParentRunner.java:233)
	at org.junit.runners.ParentRunner.run(ParentRunner.java:303)
	at org.eclipse.jdt.internal.junit4.runner.JUnit4TestReference.run(JUnit4TestReference.java:46)
	at org.eclipse.jdt.internal.junit.runner.TestExecution.run(TestExecution.java:38)
	at org.eclipse.jdt.internal.junit.runner.RemoteTestRunner.runTests(RemoteTestRunner.java:467)
	at org.eclipse.jdt.internal.junit.runner.RemoteTestRunner.runTests(RemoteTestRunner.java:683)
	at org.eclipse.jdt.internal.junit.runner.RemoteTestRunner.run(RemoteTestRunner.java:390)
	at org.eclipse.jdt.internal.junit.runner.RemoteTestRunner.main(RemoteTestRunner.java:197)

</failure>
    </testcase>
    <testcase name="testImagesOnPage" classname="com.christan.pagetests.OurSolutionsPingFederateExpress" time="2.288"/>
  </testsuite>
  <testsuite name="com.christan.pagetests.OurSolutionsSsoCloudIdentity" time="14.902">
    <testcase name="testTitle" classname="com.christan.pagetests.OurSolutionsSsoCloudIdentity" time="2.081"/>
    <testcase name="testNavigation" classname="com.christan.pagetests.OurSolutionsSsoCloudIdentity" time="2.054"/>
    <testcase name="testFooter" classname="com.christan.pagetests.OurSolutionsSsoCloudIdentity" time="2.007"/>
    <testcase name="testLinksOnPage" classname="com.christan.pagetests.OurSolutionsSsoCloudIdentity" time="2.22"/>
    <testcase name="testColumnOneContent" classname="com.christan.pagetests.OurSolutionsSsoCloudIdentity" time="2.205"/>
    <testcase name="testColumnThreeContent" classname="com.christan.pagetests.OurSolutionsSsoCloudIdentity" time="0.0" ignored="true"/>
    <testcase name="testMetaTagKeywordsContent" classname="com.christan.pagetests.OurSolutionsSsoCloudIdentity" time="2.293">
      <failure>java.lang.AssertionError: This page has no meta keywords data!
	at org.junit.Assert.fail(Assert.java:93)
	at com.christan.pagetests.GenericPageTest.testMetaTagKeywordsContent(GenericPageTest.java:210)
	at sun.reflect.NativeMethodAccessorImpl.invoke0(Native Method)
	at sun.reflect.NativeMethodAccessorImpl.invoke(Unknown Source)
	at sun.reflect.DelegatingMethodAccessorImpl.invoke(Unknown Source)
	at java.lang.reflect.Method.invoke(Unknown Source)
	at org.junit.runners.model.FrameworkMethod$1.runReflectiveCall(FrameworkMethod.java:44)
	at org.junit.internal.runners.model.ReflectiveCallable.run(ReflectiveCallable.java:15)
	at org.junit.runners.model.FrameworkMethod.invokeExplosively(FrameworkMethod.java:41)
	at org.junit.internal.runners.statements.InvokeMethod.evaluate(InvokeMethod.java:20)
	at org.junit.internal.runners.statements.RunBefores.evaluate(RunBefores.java:28)
	at org.junit.runners.ParentRunner.runLeaf(ParentRunner.java:274)
	at org.junit.runners.BlockJUnit4ClassRunner.runChild(BlockJUnit4ClassRunner.java:70)
	at org.junit.runners.BlockJUnit4ClassRunner.runChild(BlockJUnit4ClassRunner.java:48)
	at org.junit.runners.ParentRunner$3.run(ParentRunner.java:242)
	at org.junit.runners.ParentRunner$1.schedule(ParentRunner.java:58)
	at org.junit.runners.ParentRunner.runChildren(ParentRunner.java:240)
	at org.junit.runners.ParentRunner.access$000(ParentRunner.java:48)
	at org.junit.runners.ParentRunner$2.evaluate(ParentRunner.java:233)
	at org.junit.runners.ParentRunner.run(ParentRunner.java:303)
	at org.eclipse.jdt.internal.junit4.runner.JUnit4TestReference.run(JUnit4TestReference.java:46)
	at org.eclipse.jdt.internal.junit.runner.TestExecution.run(TestExecution.java:38)
	at org.eclipse.jdt.internal.junit.runner.RemoteTestRunner.runTests(RemoteTestRunner.java:467)
	at org.eclipse.jdt.internal.junit.runner.RemoteTestRunner.runTests(RemoteTestRunner.java:683)
	at org.eclipse.jdt.internal.junit.runner.RemoteTestRunner.run(RemoteTestRunner.java:390)
	at org.eclipse.jdt.internal.junit.runner.RemoteTestRunner.main(RemoteTestRunner.java:197)

</failure>
    </testcase>
    <testcase name="testImagesOnPage" classname="com.christan.pagetests.OurSolutionsSsoCloudIdentity" time="2.042"/>
  </testsuite>
</testrun>
